[02-Mar-2017 16:59:46 UTC] PHP Warning:  require_once(../Utilities/functions.php): failed to open stream: No such file or directory in /home/ubuntu/workspace/LAMPDev/exam2/exam2.php on line 7
[02-Mar-2017 16:59:46 UTC] PHP Stack trace:
[02-Mar-2017 16:59:46 UTC] PHP   1. {main}() /home/ubuntu/workspace/LAMPDev/exam2/exam2.php:0
[02-Mar-2017 16:59:46 UTC] PHP Fatal error:  require_once(): Failed opening required '../Utilities/functions.php' (include_path='.:/usr/share/php:/usr/share/pear') in /home/ubuntu/workspace/LAMPDev/exam2/exam2.php on line 7
[02-Mar-2017 16:59:46 UTC] PHP Stack trace:
[02-Mar-2017 16:59:46 UTC] PHP   1. {main}() /home/ubuntu/workspace/LAMPDev/exam2/exam2.php:0
[02-Mar-2017 17:02:03 UTC] PHP Warning:  require_once(../Utilities/functions.php): failed to open stream: No such file or directory in /home/ubuntu/workspace/LAMPDev/exam2/exam2.php on line 7
[02-Mar-2017 17:02:03 UTC] PHP Stack trace:
[02-Mar-2017 17:02:03 UTC] PHP   1. {main}() /home/ubuntu/workspace/LAMPDev/exam2/exam2.php:0
[02-Mar-2017 17:02:03 UTC] PHP Fatal error:  require_once(): Failed opening required '../Utilities/functions.php' (include_path='.:/usr/share/php:/usr/share/pear') in /home/ubuntu/workspace/LAMPDev/exam2/exam2.php on line 7
[02-Mar-2017 17:02:03 UTC] PHP Stack trace:
[02-Mar-2017 17:02:03 UTC] PHP   1. {main}() /home/ubuntu/workspace/LAMPDev/exam2/exam2.php:0
[02-Mar-2017 17:07:54 UTC] PHP Parse error:  syntax error, unexpected '}' in /home/ubuntu/workspace/LAMPDev/exam2/exam2.php on line 87
[02-Mar-2017 17:08:35 UTC] PHP Parse error:  syntax error, unexpected ''tanksFills:'' (T_CONSTANT_ENCAPSED_STRING), expecting ')' in /home/ubuntu/workspace/LAMPDev/exam2/exam2.php on line 113
[06-Apr-2017 15:34:37 UTC] PHP Fatal error:  Cannot use [] for reading in /home/ubuntu/workspace/LAMPDev/Exam3/Flavors.php on line 29
[06-Apr-2017 15:34:38 UTC] PHP Fatal error:  Cannot use [] for reading in /home/ubuntu/workspace/LAMPDev/Exam3/Flavors.php on line 29
[06-Apr-2017 15:34:39 UTC] PHP Fatal error:  Cannot use [] for reading in /home/ubuntu/workspace/LAMPDev/Exam3/Flavors.php on line 29
[06-Apr-2017 15:34:40 UTC] PHP Fatal error:  Cannot use [] for reading in /home/ubuntu/workspace/LAMPDev/Exam3/Flavors.php on line 29
[06-Apr-2017 15:37:39 UTC] PHP Fatal error:  Cannot use [] for reading in /home/ubuntu/workspace/LAMPDev/Exam3/Flavors.php on line 29
[06-Apr-2017 15:37:43 UTC] PHP Fatal error:  Cannot use [] for reading in /home/ubuntu/workspace/LAMPDev/Exam3/Flavors.php on line 29
[06-Apr-2017 15:37:44 UTC] PHP Fatal error:  Cannot use [] for reading in /home/ubuntu/workspace/LAMPDev/Exam3/Flavors.php on line 29
[06-Apr-2017 15:37:44 UTC] PHP Fatal error:  Cannot use [] for reading in /home/ubuntu/workspace/LAMPDev/Exam3/Flavors.php on line 29
[06-Apr-2017 15:37:44 UTC] PHP Fatal error:  Cannot use [] for reading in /home/ubuntu/workspace/LAMPDev/Exam3/Flavors.php on line 29
[06-Apr-2017 15:38:12 UTC] PHP Fatal error:  Cannot use [] for reading in /home/ubuntu/workspace/LAMPDev/Exam3/Flavors.php on line 29
[06-Apr-2017 15:38:13 UTC] PHP Fatal error:  Cannot use [] for reading in /home/ubuntu/workspace/LAMPDev/Exam3/Flavors.php on line 29
[06-Apr-2017 15:38:56 UTC] PHP Fatal error:  Cannot use [] for reading in /home/ubuntu/workspace/LAMPDev/Exam3/Flavors.php on line 29
[06-Apr-2017 15:50:25 UTC] PHP Fatal error:  Cannot use [] for reading in /home/ubuntu/workspace/LAMPDev/Exam3/Flavors.php on line 33
[06-Apr-2017 15:50:26 UTC] PHP Fatal error:  Cannot use [] for reading in /home/ubuntu/workspace/LAMPDev/Exam3/Flavors.php on line 33
[06-Apr-2017 15:50:26 UTC] PHP Fatal error:  Cannot use [] for reading in /home/ubuntu/workspace/LAMPDev/Exam3/Flavors.php on line 33
[06-Apr-2017 15:51:02 UTC] PHP Fatal error:  Unsupported operand types in /home/ubuntu/workspace/LAMPDev/Exam3/Flavors.php on line 30
[06-Apr-2017 15:51:02 UTC] PHP Stack trace:
[06-Apr-2017 15:51:02 UTC] PHP   1. {main}() /home/ubuntu/workspace/LAMPDev/Exam3/Flavors.php:0
[06-Apr-2017 15:51:02 UTC] PHP   2. add() /home/ubuntu/workspace/LAMPDev/Exam3/Flavors.php:10
[06-Apr-2017 15:51:03 UTC] PHP Fatal error:  Unsupported operand types in /home/ubuntu/workspace/LAMPDev/Exam3/Flavors.php on line 30
[06-Apr-2017 15:51:03 UTC] PHP Stack trace:
[06-Apr-2017 15:51:03 UTC] PHP   1. {main}() /home/ubuntu/workspace/LAMPDev/Exam3/Flavors.php:0
[06-Apr-2017 15:51:03 UTC] PHP   2. add() /home/ubuntu/workspace/LAMPDev/Exam3/Flavors.php:10
[06-Apr-2017 15:51:04 UTC] PHP Fatal error:  Unsupported operand types in /home/ubuntu/workspace/LAMPDev/Exam3/Flavors.php on line 30
[06-Apr-2017 15:51:04 UTC] PHP Stack trace:
[06-Apr-2017 15:51:04 UTC] PHP   1. {main}() /home/ubuntu/workspace/LAMPDev/Exam3/Flavors.php:0
[06-Apr-2017 15:51:04 UTC] PHP   2. add() /home/ubuntu/workspace/LAMPDev/Exam3/Flavors.php:10
[06-Apr-2017 15:51:05 UTC] PHP Fatal error:  Unsupported operand types in /home/ubuntu/workspace/LAMPDev/Exam3/Flavors.php on line 30
[06-Apr-2017 15:51:05 UTC] PHP Stack trace:
[06-Apr-2017 15:51:05 UTC] PHP   1. {main}() /home/ubuntu/workspace/LAMPDev/Exam3/Flavors.php:0
[06-Apr-2017 15:51:05 UTC] PHP   2. add() /home/ubuntu/workspace/LAMPDev/Exam3/Flavors.php:10
[06-Apr-2017 15:51:08 UTC] PHP Fatal error:  Unsupported operand types in /home/ubuntu/workspace/LAMPDev/Exam3/Flavors.php on line 30
[06-Apr-2017 15:51:08 UTC] PHP Stack trace:
[06-Apr-2017 15:51:08 UTC] PHP   1. {main}() /home/ubuntu/workspace/LAMPDev/Exam3/Flavors.php:0
[06-Apr-2017 15:51:08 UTC] PHP   2. add() /home/ubuntu/workspace/LAMPDev/Exam3/Flavors.php:10
[06-Apr-2017 15:51:09 UTC] PHP Fatal error:  Unsupported operand types in /home/ubuntu/workspace/LAMPDev/Exam3/Flavors.php on line 30
[06-Apr-2017 15:51:09 UTC] PHP Stack trace:
[06-Apr-2017 15:51:09 UTC] PHP   1. {main}() /home/ubuntu/workspace/LAMPDev/Exam3/Flavors.php:0
[06-Apr-2017 15:51:09 UTC] PHP   2. add() /home/ubuntu/workspace/LAMPDev/Exam3/Flavors.php:10
[06-Apr-2017 16:01:30 UTC] PHP Fatal error:  Unsupported operand types in /home/ubuntu/workspace/LAMPDev/Exam3/Flavors.php on line 30
[06-Apr-2017 16:01:30 UTC] PHP Stack trace:
[06-Apr-2017 16:01:30 UTC] PHP   1. {main}() /home/ubuntu/workspace/LAMPDev/Exam3/Flavors.php:0
[06-Apr-2017 16:01:30 UTC] PHP   2. add() /home/ubuntu/workspace/LAMPDev/Exam3/Flavors.php:10
[06-Apr-2017 16:04:59 UTC] PHP Fatal error:  Unsupported operand types in /home/ubuntu/workspace/LAMPDev/Exam3/Flavors.php on line 30
[06-Apr-2017 16:04:59 UTC] PHP Stack trace:
[06-Apr-2017 16:04:59 UTC] PHP   1. {main}() /home/ubuntu/workspace/LAMPDev/Exam3/Flavors.php:0
[06-Apr-2017 16:04:59 UTC] PHP   2. add() /home/ubuntu/workspace/LAMPDev/Exam3/Flavors.php:10
[06-Apr-2017 16:05:07 UTC] PHP Fatal error:  Unsupported operand types in /home/ubuntu/workspace/LAMPDev/Exam3/Flavors.php on line 30
[06-Apr-2017 16:05:07 UTC] PHP Stack trace:
[06-Apr-2017 16:05:07 UTC] PHP   1. {main}() /home/ubuntu/workspace/LAMPDev/Exam3/Flavors.php:0
[06-Apr-2017 16:05:07 UTC] PHP   2. add() /home/ubuntu/workspace/LAMPDev/Exam3/Flavors.php:10
[06-Apr-2017 16:05:14 UTC] PHP Fatal error:  Unsupported operand types in /home/ubuntu/workspace/LAMPDev/Exam3/Flavors.php on line 30
[06-Apr-2017 16:05:14 UTC] PHP Stack trace:
[06-Apr-2017 16:05:14 UTC] PHP   1. {main}() /home/ubuntu/workspace/LAMPDev/Exam3/Flavors.php:0
[06-Apr-2017 16:05:14 UTC] PHP   2. add() /home/ubuntu/workspace/LAMPDev/Exam3/Flavors.php:10
[06-Apr-2017 16:05:14 UTC] PHP Fatal error:  Unsupported operand types in /home/ubuntu/workspace/LAMPDev/Exam3/Flavors.php on line 30
[06-Apr-2017 16:05:14 UTC] PHP Stack trace:
[06-Apr-2017 16:05:14 UTC] PHP   1. {main}() /home/ubuntu/workspace/LAMPDev/Exam3/Flavors.php:0
[06-Apr-2017 16:05:14 UTC] PHP   2. add() /home/ubuntu/workspace/LAMPDev/Exam3/Flavors.php:10
[06-Apr-2017 16:05:14 UTC] PHP Fatal error:  Unsupported operand types in /home/ubuntu/workspace/LAMPDev/Exam3/Flavors.php on line 30
[06-Apr-2017 16:05:14 UTC] PHP Stack trace:
[06-Apr-2017 16:05:14 UTC] PHP   1. {main}() /home/ubuntu/workspace/LAMPDev/Exam3/Flavors.php:0
[06-Apr-2017 16:05:14 UTC] PHP   2. add() /home/ubuntu/workspace/LAMPDev/Exam3/Flavors.php:10
[06-Apr-2017 16:13:38 UTC] PHP Fatal error:  Unsupported operand types in /home/ubuntu/workspace/LAMPDev/Exam3/Flavors.php on line 29
[06-Apr-2017 16:13:38 UTC] PHP Stack trace:
[06-Apr-2017 16:13:38 UTC] PHP   1. {main}() /home/ubuntu/workspace/LAMPDev/Exam3/Flavors.php:0
[06-Apr-2017 16:13:38 UTC] PHP   2. add() /home/ubuntu/workspace/LAMPDev/Exam3/Flavors.php:10
[06-Apr-2017 16:15:08 UTC] PHP Fatal error:  Unsupported operand types in /home/ubuntu/workspace/LAMPDev/Exam3/Flavors.php on line 31
[06-Apr-2017 16:15:08 UTC] PHP Stack trace:
[06-Apr-2017 16:15:08 UTC] PHP   1. {main}() /home/ubuntu/workspace/LAMPDev/Exam3/Flavors.php:0
[06-Apr-2017 16:15:08 UTC] PHP   2. add() /home/ubuntu/workspace/LAMPDev/Exam3/Flavors.php:10
[06-Apr-2017 16:15:10 UTC] PHP Fatal error:  Unsupported operand types in /home/ubuntu/workspace/LAMPDev/Exam3/Flavors.php on line 31
[06-Apr-2017 16:15:10 UTC] PHP Stack trace:
[06-Apr-2017 16:15:10 UTC] PHP   1. {main}() /home/ubuntu/workspace/LAMPDev/Exam3/Flavors.php:0
[06-Apr-2017 16:15:10 UTC] PHP   2. add() /home/ubuntu/workspace/LAMPDev/Exam3/Flavors.php:10
[06-Apr-2017 16:15:10 UTC] PHP Fatal error:  Unsupported operand types in /home/ubuntu/workspace/LAMPDev/Exam3/Flavors.php on line 41
[06-Apr-2017 16:15:10 UTC] PHP Stack trace:
[06-Apr-2017 16:15:10 UTC] PHP   1. {main}() /home/ubuntu/workspace/LAMPDev/Exam3/Flavors.php:0
[06-Apr-2017 16:15:10 UTC] PHP   2. subtract() /home/ubuntu/workspace/LAMPDev/Exam3/Flavors.php:16
[06-Apr-2017 16:15:12 UTC] PHP Fatal error:  Unsupported operand types in /home/ubuntu/workspace/LAMPDev/Exam3/Flavors.php on line 41
[06-Apr-2017 16:15:12 UTC] PHP Stack trace:
[06-Apr-2017 16:15:12 UTC] PHP   1. {main}() /home/ubuntu/workspace/LAMPDev/Exam3/Flavors.php:0
[06-Apr-2017 16:15:12 UTC] PHP   2. subtract() /home/ubuntu/workspace/LAMPDev/Exam3/Flavors.php:16
[06-Apr-2017 16:15:12 UTC] PHP Fatal error:  Unsupported operand types in /home/ubuntu/workspace/LAMPDev/Exam3/Flavors.php on line 31
[06-Apr-2017 16:15:12 UTC] PHP Stack trace:
[06-Apr-2017 16:15:12 UTC] PHP   1. {main}() /home/ubuntu/workspace/LAMPDev/Exam3/Flavors.php:0
[06-Apr-2017 16:15:12 UTC] PHP   2. add() /home/ubuntu/workspace/LAMPDev/Exam3/Flavors.php:10
[06-Apr-2017 16:15:12 UTC] PHP Fatal error:  Unsupported operand types in /home/ubuntu/workspace/LAMPDev/Exam3/Flavors.php on line 31
[06-Apr-2017 16:15:12 UTC] PHP Stack trace:
[06-Apr-2017 16:15:12 UTC] PHP   1. {main}() /home/ubuntu/workspace/LAMPDev/Exam3/Flavors.php:0
[06-Apr-2017 16:15:12 UTC] PHP   2. add() /home/ubuntu/workspace/LAMPDev/Exam3/Flavors.php:10
[06-Apr-2017 16:15:14 UTC] PHP Fatal error:  Unsupported operand types in /home/ubuntu/workspace/LAMPDev/Exam3/Flavors.php on line 31
[06-Apr-2017 16:15:14 UTC] PHP Stack trace:
[06-Apr-2017 16:15:14 UTC] PHP   1. {main}() /home/ubuntu/workspace/LAMPDev/Exam3/Flavors.php:0
[06-Apr-2017 16:15:14 UTC] PHP   2. add() /home/ubuntu/workspace/LAMPDev/Exam3/Flavors.php:10
[06-Apr-2017 16:15:14 UTC] PHP Fatal error:  Unsupported operand types in /home/ubuntu/workspace/LAMPDev/Exam3/Flavors.php on line 31
[06-Apr-2017 16:15:14 UTC] PHP Stack trace:
[06-Apr-2017 16:15:14 UTC] PHP   1. {main}() /home/ubuntu/workspace/LAMPDev/Exam3/Flavors.php:0
[06-Apr-2017 16:15:14 UTC] PHP   2. add() /home/ubuntu/workspace/LAMPDev/Exam3/Flavors.php:10
[06-Apr-2017 16:15:14 UTC] PHP Fatal error:  Unsupported operand types in /home/ubuntu/workspace/LAMPDev/Exam3/Flavors.php on line 31
[06-Apr-2017 16:15:14 UTC] PHP Stack trace:
[06-Apr-2017 16:15:14 UTC] PHP   1. {main}() /home/ubuntu/workspace/LAMPDev/Exam3/Flavors.php:0
[06-Apr-2017 16:15:14 UTC] PHP   2. add() /home/ubuntu/workspace/LAMPDev/Exam3/Flavors.php:10
[06-Apr-2017 16:15:14 UTC] PHP Fatal error:  Unsupported operand types in /home/ubuntu/workspace/LAMPDev/Exam3/Flavors.php on line 31
[06-Apr-2017 16:15:14 UTC] PHP Stack trace:
[06-Apr-2017 16:15:14 UTC] PHP   1. {main}() /home/ubuntu/workspace/LAMPDev/Exam3/Flavors.php:0
[06-Apr-2017 16:15:14 UTC] PHP   2. add() /home/ubuntu/workspace/LAMPDev/Exam3/Flavors.php:10
[06-Apr-2017 16:15:14 UTC] PHP Fatal error:  Unsupported operand types in /home/ubuntu/workspace/LAMPDev/Exam3/Flavors.php on line 31
[06-Apr-2017 16:15:14 UTC] PHP Stack trace:
[06-Apr-2017 16:15:14 UTC] PHP   1. {main}() /home/ubuntu/workspace/LAMPDev/Exam3/Flavors.php:0
[06-Apr-2017 16:15:14 UTC] PHP   2. add() /home/ubuntu/workspace/LAMPDev/Exam3/Flavors.php:10
[06-Apr-2017 16:15:26 UTC] PHP Fatal error:  Unsupported operand types in /home/ubuntu/workspace/LAMPDev/Exam3/Flavors.php on line 31
[06-Apr-2017 16:15:26 UTC] PHP Stack trace:
[06-Apr-2017 16:15:26 UTC] PHP   1. {main}() /home/ubuntu/workspace/LAMPDev/Exam3/Flavors.php:0
[06-Apr-2017 16:15:26 UTC] PHP   2. add() /home/ubuntu/workspace/LAMPDev/Exam3/Flavors.php:10
[06-Apr-2017 16:15:26 UTC] PHP Fatal error:  Unsupported operand types in /home/ubuntu/workspace/LAMPDev/Exam3/Flavors.php on line 41
[06-Apr-2017 16:15:26 UTC] PHP Stack trace:
[06-Apr-2017 16:15:26 UTC] PHP   1. {main}() /home/ubuntu/workspace/LAMPDev/Exam3/Flavors.php:0
[06-Apr-2017 16:15:26 UTC] PHP   2. subtract() /home/ubuntu/workspace/LAMPDev/Exam3/Flavors.php:16
[06-Apr-2017 16:15:27 UTC] PHP Fatal error:  Unsupported operand types in /home/ubuntu/workspace/LAMPDev/Exam3/Flavors.php on line 31
[06-Apr-2017 16:15:27 UTC] PHP Stack trace:
[06-Apr-2017 16:15:27 UTC] PHP   1. {main}() /home/ubuntu/workspace/LAMPDev/Exam3/Flavors.php:0
[06-Apr-2017 16:15:27 UTC] PHP   2. add() /home/ubuntu/workspace/LAMPDev/Exam3/Flavors.php:10
[06-Apr-2017 16:15:27 UTC] PHP Fatal error:  Unsupported operand types in /home/ubuntu/workspace/LAMPDev/Exam3/Flavors.php on line 41
[06-Apr-2017 16:15:27 UTC] PHP Stack trace:
[06-Apr-2017 16:15:27 UTC] PHP   1. {main}() /home/ubuntu/workspace/LAMPDev/Exam3/Flavors.php:0
[06-Apr-2017 16:15:27 UTC] PHP   2. subtract() /home/ubuntu/workspace/LAMPDev/Exam3/Flavors.php:16
[06-Apr-2017 16:15:28 UTC] PHP Fatal error:  Unsupported operand types in /home/ubuntu/workspace/LAMPDev/Exam3/Flavors.php on line 41
[06-Apr-2017 16:15:28 UTC] PHP Stack trace:
[06-Apr-2017 16:15:28 UTC] PHP   1. {main}() /home/ubuntu/workspace/LAMPDev/Exam3/Flavors.php:0
[06-Apr-2017 16:15:28 UTC] PHP   2. subtract() /home/ubuntu/workspace/LAMPDev/Exam3/Flavors.php:16
[06-Apr-2017 16:18:38 UTC] PHP Fatal error:  Unsupported operand types in /home/ubuntu/workspace/LAMPDev/Exam3/Flavors.php on line 29
[06-Apr-2017 16:18:38 UTC] PHP Stack trace:
[06-Apr-2017 16:18:38 UTC] PHP   1. {main}() /home/ubuntu/workspace/LAMPDev/Exam3/Flavors.php:0
[06-Apr-2017 16:18:38 UTC] PHP   2. add() /home/ubuntu/workspace/LAMPDev/Exam3/Flavors.php:10
[06-Apr-2017 18:06:38 UTC] PHP Warning:  Invalid argument supplied for foreach() in /home/ubuntu/workspace/LAMPDev/Exam3/Flavors.php on line 41
[06-Apr-2017 18:06:38 UTC] PHP Stack trace:
[06-Apr-2017 18:06:38 UTC] PHP   1. {main}() /home/ubuntu/workspace/LAMPDev/Exam3/Flavors.php:0
[06-Apr-2017 18:06:38 UTC] PHP   2. subtract() /home/ubuntu/workspace/LAMPDev/Exam3/Flavors.php:16
[06-Apr-2017 18:07:16 UTC] PHP Warning:  Invalid argument supplied for foreach() in /home/ubuntu/workspace/LAMPDev/Exam3/Flavors.php on line 41
[06-Apr-2017 18:07:16 UTC] PHP Stack trace:
[06-Apr-2017 18:07:16 UTC] PHP   1. {main}() /home/ubuntu/workspace/LAMPDev/Exam3/Flavors.php:0
[06-Apr-2017 18:07:16 UTC] PHP   2. subtract() /home/ubuntu/workspace/LAMPDev/Exam3/Flavors.php:16
[06-Apr-2017 18:46:35 UTC] PHP Warning:  array_push() expects parameter 1 to be array, integer given in /home/ubuntu/workspace/LAMPDev/Exam3/Flavors.php on line 45
[06-Apr-2017 18:46:35 UTC] PHP Stack trace:
[06-Apr-2017 18:46:35 UTC] PHP   1. {main}() /home/ubuntu/workspace/LAMPDev/Exam3/Flavors.php:0
[06-Apr-2017 18:46:35 UTC] PHP   2. subtract() /home/ubuntu/workspace/LAMPDev/Exam3/Flavors.php:16
[06-Apr-2017 18:46:35 UTC] PHP   3. array_push() /home/ubuntu/workspace/LAMPDev/Exam3/Flavors.php:45
[06-Apr-2017 18:50:58 UTC] PHP Warning:  array_push() expects parameter 1 to be array, integer given in /home/ubuntu/workspace/LAMPDev/Exam3/Flavors.php on line 45
[06-Apr-2017 18:50:58 UTC] PHP Stack trace:
[06-Apr-2017 18:50:58 UTC] PHP   1. {main}() /home/ubuntu/workspace/LAMPDev/Exam3/Flavors.php:0
[06-Apr-2017 18:50:58 UTC] PHP   2. subtract() /home/ubuntu/workspace/LAMPDev/Exam3/Flavors.php:16
[06-Apr-2017 18:50:58 UTC] PHP   3. array_push() /home/ubuntu/workspace/LAMPDev/Exam3/Flavors.php:45
[06-Apr-2017 18:52:31 UTC] PHP Warning:  array_push() expects parameter 1 to be array, integer given in /home/ubuntu/workspace/LAMPDev/Exam3/Flavors.php on line 29
[06-Apr-2017 18:52:31 UTC] PHP Stack trace:
[06-Apr-2017 18:52:31 UTC] PHP   1. {main}() /home/ubuntu/workspace/LAMPDev/Exam3/Flavors.php:0
[06-Apr-2017 18:52:31 UTC] PHP   2. add() /home/ubuntu/workspace/LAMPDev/Exam3/Flavors.php:10
[06-Apr-2017 18:52:31 UTC] PHP   3. array_push() /home/ubuntu/workspace/LAMPDev/Exam3/Flavors.php:29
[06-Apr-2017 18:52:33 UTC] PHP Warning:  Invalid argument supplied for foreach() in /home/ubuntu/workspace/LAMPDev/Exam3/Flavors.php on line 41
[06-Apr-2017 18:52:33 UTC] PHP Stack trace:
[06-Apr-2017 18:52:33 UTC] PHP   1. {main}() /home/ubuntu/workspace/LAMPDev/Exam3/Flavors.php:0
[06-Apr-2017 18:52:33 UTC] PHP   2. subtract() /home/ubuntu/workspace/LAMPDev/Exam3/Flavors.php:16
